<?xml version="1.0" encoding="UTF-8"?>
<testng-results skipped="0" failed="0" ignored="0" total="1" passed="1">
  <reporter-output>
  </reporter-output>
  <suite name="Default suite" duration-ms="594" started-at="2020-06-01T21:45:57 CDT" finished-at="2020-06-01T21:45:57 CDT">
    <groups>
    </groups>
    <test name="Default test" duration-ms="594" started-at="2020-06-01T21:45:57 CDT" finished-at="2020-06-01T21:45:57 CDT">
      <class name="com.Spirit.testbase.JDBCconnectionPractice">
        <test-method status="PASS" signature="getConnection()[pri:0, instance:com.Spirit.testbase.JDBCconnectionPractice@cd2dae5]" name="getConnection" duration-ms="542" started-at="2020-06-01T21:45:57 CDT" finished-at="2020-06-01T21:45:57 CDT">
          <reporter-output>
          </reporter-output>
        </test-method> <!-- getConnection -->
      </class> <!-- com.Spirit.testbase.JDBCconnectionPractice -->
    </test> <!-- Default test -->
  </suite> <!-- Default suite -->
</testng-results>
